<?xml version="1.0" encoding="UTF-8"?>
<!-- Generated by org.testng.reporters.JUnitXMLReporter -->
<testsuite ignored="0" hostname="MSI" failures="1" tests="4" name="Test" time="24.521" errors="0" timestamp="2024-08-09T19:44:03 IST">
  <testcase classname="com.application.tests.ApplicationTest" name="VerifyWhetherApplicationIsLaunched" time="4.691"/>
  <testcase classname="com.application.tests.ApplicationTest" name="VerifyLogoAndCaption" time="4.79"/>
  <testcase classname="com.application.tests.ApplicationTest" name="VerifyLoginPageHeader" time="4.85"/>
  <testcase classname="com.application.tests.ApplicationTest" name="VerifyRegistrationFeature" time="0.0">
    <failure type="org.testng.TestNGException" message="
Data Provider public java.lang.String[][] com.framework.base.BaseTest.testData(java.lang.reflect.Method) returned a null value">
      <![CDATA[org.testng.TestNGException: 
at java.base/java.util.ArrayList.forEach(ArrayList.java:1511)
... Removed 25 stack frames]]>
    </failure>
  </testcase> <!-- VerifyRegistrationFeature -->
</testsuite> <!-- Test -->
